<?xml version="1.0" encoding="UTF-8"?>
<!-- Generated by org.testng.reporters.JUnitXMLReporter -->
<testsuite ignored="2" hostname="LAPTOP-8G6M48C6" failures="1" tests="5" name="Regression Test" time="0.056" errors="0" timestamp="09 Sep 2021 21:32:14 GMT">
  <testcase classname="org.testng.TestNgPractise2" name="tc01" time="0.013"/>
  <testcase classname="org.testng.TestNgPractise2" name="tc00" time="0.004">
    <failure type="java.lang.AssertionError" message="expected [true] but found [false]">
      <![CDATA[java.lang.AssertionError: expected [true] but found [false]
... Removed 30 stack frames]]>
    </failure>
  </testcase> <!-- tc00 -->
  <testcase classname="org.testng.TestNgPractise2" name="tc06" time="0.002"/>
  <testcase classname="org.testng.TestNgPractise2" name="tc02" time="0.0">
    <skipped/>
  </testcase> <!-- tc02 -->
  <testcase classname="org.testng.TestNgPractise2" name="tc03" time="0.0">
    <skipped/>
  </testcase> <!-- tc03 -->
  <testcase classname="org.testng.TestNgPractise2" name="tc05" time="0.0">
    <ignored/>
  </testcase> <!-- tc05 -->
  <testcase classname="org.testng.TestNgPractise2" name="tc04" time="0.0">
    <ignored/>
  </testcase> <!-- tc04 -->
</testsuite> <!-- Regression Test -->
